2021-05-13 11:09:52 [scrapy.utils.log] INFO: Scrapy 1.8.0 started (bot: WeiboSpider)
2021-05-13 11:09:52 [scrapy.utils.log] INFO: Versions: lxml 4.6.3.0, libxml2 2.9.5, cssselect 1.1.0, parsel 1.6.0, w3lib 1.22.0, Twisted 21.2.0, Python 3.9.4 (tags/v3.9.4:1f2e308, Apr  6 2021, 13:40:21) [MSC v.1928 64 bit (AMD64)], pyOpenSSL 20.0.1 (OpenSSL 1.1.1k  25 Mar 2021), cryptography 3.4.7, Platform Windows-10-10.0.19041-SP0
2021-05-13 11:09:52 [scrapy.crawler] INFO: Overridden settings: {'BOT_NAME': 'WeiboSpider', 'CONCURRENT_REQUESTS': 8, 'DUPEFILTER_CLASS': 'scrapy_redis.dupefilter.RFPDupeFilter', 'LOG_FILE': 'Weibo_Spider.log', 'LOG_LEVEL': 'INFO', 'NEWSPIDER_MODULE': 'WeiboSpider.spiders', 'SCHEDULER': 'scrapy_redis.scheduler.Scheduler', 'SPIDER_MODULES': ['WeiboSpider.spiders']}
2021-05-13 11:09:52 [scrapy.extensions.telnet] INFO: Telnet Password: de14ece78f10f0bd
2021-05-13 11:09:52 [scrapy.middleware] INFO: Enabled extensions:
['scrapy.extensions.corestats.CoreStats',
 'scrapy.extensions.telnet.TelnetConsole',
 'scrapy.extensions.logstats.LogStats',
 'WeiboSpider.extensions.RedisSpiderSmartIdleClosedExensions']
2021-05-13 11:09:52 [WeiboSpider] INFO: Reading start URLs from redis key 'WeiboSpider:start_urls1996' (batch size: 8, encoding: utf-8
2021-05-13 11:09:52 [scrapy.middleware] INFO: Enabled downloader middlewares:
['scrapy.downloadermiddlewares.httpauth.HttpAuthMiddleware',
 'scrapy.downloadermiddlewares.downloadtimeout.DownloadTimeoutMiddleware',
 'scrapy.downloadermiddlewares.defaultheaders.DefaultHeadersMiddleware',
 'scrapy.downloadermiddlewares.useragent.UserAgentMiddleware',
 'WeiboSpider.middlewares.RetryMiddleware',
 'scrapy.downloadermiddlewares.retry.RetryMiddleware',
 'scrapy.downloadermiddlewares.redirect.MetaRefreshMiddleware',
 'scrapy.downloadermiddlewares.httpcompression.HttpCompressionMiddleware',
 'scrapy.downloadermiddlewares.redirect.RedirectMiddleware',
 'scrapy.downloadermiddlewares.cookies.CookiesMiddleware',
 'scrapy.downloadermiddlewares.httpproxy.HttpProxyMiddleware',
 'scrapy.downloadermiddlewares.stats.DownloaderStats']
2021-05-13 11:09:52 [scrapy.middleware] INFO: Enabled spider middlewares:
['scrapy.spidermiddlewares.httperror.HttpErrorMiddleware',
 'scrapy.spidermiddlewares.offsite.OffsiteMiddleware',
 'scrapy.spidermiddlewares.referer.RefererMiddleware',
 'scrapy.spidermiddlewares.urllength.UrlLengthMiddleware',
 'scrapy.spidermiddlewares.depth.DepthMiddleware']
2021-05-13 11:09:53 [scrapy.middleware] INFO: Enabled item pipelines:
['WeiboSpider.pipelines.WeibospiderPipeline']
2021-05-13 11:09:53 [scrapy.core.engine] INFO: Spider opened
2021-05-13 11:09:53 [scrapy.extensions.logstats] INFO: Crawled 0 pages (at 0 pages/min), scraped 0 items (at 0 items/min)
2021-05-13 11:09:53 [WeiboSpider.extensions] INFO: opened spider WeiboSpider redis spider Idle, Continuous idle limit： 20
2021-05-13 11:09:53 [scrapy.extensions.telnet] INFO: Telnet console listening on 127.0.0.1:6023
2021-05-13 11:10:53 [scrapy.extensions.logstats] INFO: Crawled 3 pages (at 3 pages/min), scraped 22 items (at 22 items/min)
2021-05-13 11:11:43 [WeiboSpider.extensions] INFO: 
 continued idle number exceed 20 Times
 meet the idle shutdown conditions, will close the reptile operation
 idle start time: 1620875403.4317558,  close spider time: 1620875403.4317558
2021-05-13 11:11:43 [scrapy.core.engine] INFO: Closing spider (closespider_pagecount)
2021-05-13 11:11:43 [WeiboSpider.extensions] INFO: closed spider WeiboSpider, idle count 21 , Continuous idle count 21
2021-05-13 11:11:43 [scrapy.statscollectors] INFO: Dumping Scrapy stats:
{'downloader/request_bytes': 878,
 'downloader/request_count': 3,
 'downloader/request_method_count/GET': 3,
 'downloader/response_bytes': 25247,
 'downloader/response_count': 3,
 'downloader/response_status_count/200': 3,
 'elapsed_time_seconds': 110.013718,
 'finish_reason': 'closespider_pagecount',
 'finish_time': datetime.datetime(2021, 5, 13, 3, 11, 43, 133519),
 'item_scraped_count': 22,
 'log_count/INFO': 15,
 'response_received_count': 3,
 'scheduler/dequeued/redis': 3,
 'scheduler/enqueued/redis': 3,
 'start_time': datetime.datetime(2021, 5, 13, 3, 9, 53, 119801)}
2021-05-13 11:11:43 [scrapy.core.engine] INFO: Spider closed (closespider_pagecount)
2021-05-13 11:12:12 [scrapy.utils.log] INFO: Scrapy 1.8.0 started (bot: WeiboSpider)
2021-05-13 11:12:12 [scrapy.utils.log] INFO: Versions: lxml 4.6.3.0, libxml2 2.9.5, cssselect 1.1.0, parsel 1.6.0, w3lib 1.22.0, Twisted 21.2.0, Python 3.9.4 (tags/v3.9.4:1f2e308, Apr  6 2021, 13:40:21) [MSC v.1928 64 bit (AMD64)], pyOpenSSL 20.0.1 (OpenSSL 1.1.1k  25 Mar 2021), cryptography 3.4.7, Platform Windows-10-10.0.19041-SP0
2021-05-13 11:12:12 [scrapy.crawler] INFO: Overridden settings: {'BOT_NAME': 'WeiboSpider', 'CONCURRENT_REQUESTS': 8, 'DUPEFILTER_CLASS': 'scrapy_redis.dupefilter.RFPDupeFilter', 'LOG_FILE': 'Weibo_Spider.log', 'LOG_LEVEL': 'INFO', 'NEWSPIDER_MODULE': 'WeiboSpider.spiders', 'SCHEDULER': 'scrapy_redis.scheduler.Scheduler', 'SPIDER_MODULES': ['WeiboSpider.spiders']}
2021-05-13 11:12:12 [scrapy.extensions.telnet] INFO: Telnet Password: 11d0c08c193c5ee0
2021-05-13 11:12:12 [scrapy.middleware] INFO: Enabled extensions:
['scrapy.extensions.corestats.CoreStats',
 'scrapy.extensions.telnet.TelnetConsole',
 'scrapy.extensions.logstats.LogStats',
 'WeiboSpider.extensions.RedisSpiderSmartIdleClosedExensions']
2021-05-13 11:12:12 [WeiboSpider] INFO: Reading start URLs from redis key 'WeiboSpider:start_urls1996' (batch size: 8, encoding: utf-8
2021-05-13 11:12:13 [scrapy.middleware] INFO: Enabled downloader middlewares:
['scrapy.downloadermiddlewares.httpauth.HttpAuthMiddleware',
 'scrapy.downloadermiddlewares.downloadtimeout.DownloadTimeoutMiddleware',
 'scrapy.downloadermiddlewares.defaultheaders.DefaultHeadersMiddleware',
 'scrapy.downloadermiddlewares.useragent.UserAgentMiddleware',
 'WeiboSpider.middlewares.RetryMiddleware',
 'scrapy.downloadermiddlewares.retry.RetryMiddleware',
 'scrapy.downloadermiddlewares.redirect.MetaRefreshMiddleware',
 'scrapy.downloadermiddlewares.httpcompression.HttpCompressionMiddleware',
 'scrapy.downloadermiddlewares.redirect.RedirectMiddleware',
 'scrapy.downloadermiddlewares.cookies.CookiesMiddleware',
 'scrapy.downloadermiddlewares.httpproxy.HttpProxyMiddleware',
 'scrapy.downloadermiddlewares.stats.DownloaderStats']
2021-05-13 11:12:13 [scrapy.middleware] INFO: Enabled spider middlewares:
['scrapy.spidermiddlewares.httperror.HttpErrorMiddleware',
 'scrapy.spidermiddlewares.offsite.OffsiteMiddleware',
 'scrapy.spidermiddlewares.referer.RefererMiddleware',
 'scrapy.spidermiddlewares.urllength.UrlLengthMiddleware',
 'scrapy.spidermiddlewares.depth.DepthMiddleware']
2021-05-13 11:12:13 [scrapy.middleware] INFO: Enabled item pipelines:
['WeiboSpider.pipelines.WeibospiderPipeline']
2021-05-13 11:12:13 [scrapy.core.engine] INFO: Spider opened
2021-05-13 11:12:13 [scrapy.extensions.logstats] INFO: Crawled 0 pages (at 0 pages/min), scraped 0 items (at 0 items/min)
2021-05-13 11:12:13 [WeiboSpider.extensions] INFO: opened spider WeiboSpider redis spider Idle, Continuous idle limit： 20
2021-05-13 11:12:13 [scrapy.extensions.telnet] INFO: Telnet console listening on 127.0.0.1:6023
2021-05-13 11:13:13 [scrapy.extensions.logstats] INFO: Crawled 5 pages (at 5 pages/min), scraped 42 items (at 42 items/min)
2021-05-13 11:14:13 [scrapy.extensions.logstats] INFO: Crawled 5 pages (at 0 pages/min), scraped 42 items (at 0 items/min)
2021-05-13 11:14:18 [WeiboSpider.extensions] INFO: 
 continued idle number exceed 20 Times
 meet the idle shutdown conditions, will close the reptile operation
 idle start time: 1620875558.5332375,  close spider time: 1620875558.5332375
2021-05-13 11:14:18 [scrapy.core.engine] INFO: Closing spider (closespider_pagecount)
2021-05-13 11:14:18 [WeiboSpider.extensions] INFO: closed spider WeiboSpider, idle count 21 , Continuous idle count 21
2021-05-13 11:14:18 [scrapy.statscollectors] INFO: Dumping Scrapy stats:
{'downloader/request_bytes': 1468,
 'downloader/request_count': 5,
 'downloader/request_method_count/GET': 5,
 'downloader/response_bytes': 47120,
 'downloader/response_count': 5,
 'downloader/response_status_count/200': 5,
 'elapsed_time_seconds': 125.016953,
 'finish_reason': 'closespider_pagecount',
 'finish_time': datetime.datetime(2021, 5, 13, 3, 14, 18, 451071),
 'item_scraped_count': 42,
 'log_count/INFO': 16,
 'response_received_count': 5,
 'scheduler/dequeued/redis': 5,
 'scheduler/enqueued/redis': 5,
 'start_time': datetime.datetime(2021, 5, 13, 3, 12, 13, 434118)}
2021-05-13 11:14:18 [scrapy.core.engine] INFO: Spider closed (closespider_pagecount)
2021-05-13 11:15:19 [scrapy.utils.log] INFO: Scrapy 1.8.0 started (bot: WeiboSpider)
2021-05-13 11:15:19 [scrapy.utils.log] INFO: Versions: lxml 4.6.3.0, libxml2 2.9.5, cssselect 1.1.0, parsel 1.6.0, w3lib 1.22.0, Twisted 21.2.0, Python 3.9.4 (tags/v3.9.4:1f2e308, Apr  6 2021, 13:40:21) [MSC v.1928 64 bit (AMD64)], pyOpenSSL 20.0.1 (OpenSSL 1.1.1k  25 Mar 2021), cryptography 3.4.7, Platform Windows-10-10.0.19041-SP0
2021-05-13 11:15:19 [scrapy.crawler] INFO: Overridden settings: {'BOT_NAME': 'WeiboSpider', 'CONCURRENT_REQUESTS': 8, 'DUPEFILTER_CLASS': 'scrapy_redis.dupefilter.RFPDupeFilter', 'LOG_FILE': 'Weibo_Spider.log', 'LOG_LEVEL': 'INFO', 'NEWSPIDER_MODULE': 'WeiboSpider.spiders', 'SCHEDULER': 'scrapy_redis.scheduler.Scheduler', 'SPIDER_MODULES': ['WeiboSpider.spiders']}
2021-05-13 11:15:19 [scrapy.extensions.telnet] INFO: Telnet Password: 0b57cb3765c993e3
2021-05-13 11:15:19 [scrapy.middleware] INFO: Enabled extensions:
['scrapy.extensions.corestats.CoreStats',
 'scrapy.extensions.telnet.TelnetConsole',
 'scrapy.extensions.logstats.LogStats',
 'WeiboSpider.extensions.RedisSpiderSmartIdleClosedExensions']
2021-05-13 11:15:20 [KeyWordsSpider] INFO: Reading start URLs from redis key 'KeyWordsSpider:start_urlstest' (batch size: 8, encoding: utf-8
2021-05-13 11:15:20 [scrapy.middleware] INFO: Enabled downloader middlewares:
['scrapy.downloadermiddlewares.httpauth.HttpAuthMiddleware',
 'scrapy.downloadermiddlewares.downloadtimeout.DownloadTimeoutMiddleware',
 'scrapy.downloadermiddlewares.defaultheaders.DefaultHeadersMiddleware',
 'scrapy.downloadermiddlewares.useragent.UserAgentMiddleware',
 'WeiboSpider.middlewares.RetryMiddleware',
 'scrapy.downloadermiddlewares.retry.RetryMiddleware',
 'scrapy.downloadermiddlewares.redirect.MetaRefreshMiddleware',
 'scrapy.downloadermiddlewares.httpcompression.HttpCompressionMiddleware',
 'scrapy.downloadermiddlewares.redirect.RedirectMiddleware',
 'scrapy.downloadermiddlewares.cookies.CookiesMiddleware',
 'scrapy.downloadermiddlewares.httpproxy.HttpProxyMiddleware',
 'scrapy.downloadermiddlewares.stats.DownloaderStats']
2021-05-13 11:15:20 [scrapy.middleware] INFO: Enabled spider middlewares:
['scrapy.spidermiddlewares.httperror.HttpErrorMiddleware',
 'scrapy.spidermiddlewares.offsite.OffsiteMiddleware',
 'scrapy.spidermiddlewares.referer.RefererMiddleware',
 'scrapy.spidermiddlewares.urllength.UrlLengthMiddleware',
 'scrapy.spidermiddlewares.depth.DepthMiddleware']
2021-05-13 11:15:20 [scrapy.middleware] INFO: Enabled item pipelines:
['WeiboSpider.pipelines.WeibospiderPipeline']
2021-05-13 11:15:20 [scrapy.core.engine] INFO: Spider opened
2021-05-13 11:15:20 [scrapy.extensions.logstats] INFO: Crawled 0 pages (at 0 pages/min), scraped 0 items (at 0 items/min)
2021-05-13 11:15:20 [WeiboSpider.extensions] INFO: opened spider KeyWordsSpider redis spider Idle, Continuous idle limit： 20
2021-05-13 11:15:20 [scrapy.extensions.telnet] INFO: Telnet console listening on 127.0.0.1:6023
2021-05-13 11:16:20 [scrapy.extensions.logstats] INFO: Crawled 8 pages (at 8 pages/min), scraped 17 items (at 17 items/min)
2021-05-13 11:17:10 [WeiboSpider.extensions] INFO: 
 continued idle number exceed 20 Times
 meet the idle shutdown conditions, will close the reptile operation
 idle start time: 1620875735.065351,  close spider time: 1620875735.065351
2021-05-13 11:17:10 [scrapy.core.engine] INFO: Closing spider (closespider_pagecount)
2021-05-13 11:17:10 [WeiboSpider.extensions] INFO: closed spider KeyWordsSpider, idle count 21 , Continuous idle count 21
2021-05-13 11:17:10 [scrapy.statscollectors] INFO: Dumping Scrapy stats:
{'downloader/request_bytes': 5114,
 'downloader/request_count': 8,
 'downloader/request_method_count/GET': 8,
 'downloader/response_bytes': 34592,
 'downloader/response_count': 8,
 'downloader/response_status_count/200': 8,
 'elapsed_time_seconds': 110.013883,
 'finish_reason': 'closespider_pagecount',
 'finish_time': datetime.datetime(2021, 5, 13, 3, 17, 10, 719305),
 'item_scraped_count': 17,
 'log_count/INFO': 15,
 'request_depth_max': 1,
 'response_received_count': 8,
 'scheduler/dequeued/redis': 8,
 'scheduler/enqueued/redis': 8,
 'start_time': datetime.datetime(2021, 5, 13, 3, 15, 20, 705422)}
2021-05-13 11:17:10 [scrapy.core.engine] INFO: Spider closed (closespider_pagecount)
2021-05-13 11:19:25 [scrapy.utils.log] INFO: Scrapy 1.8.0 started (bot: WeiboSpider)
2021-05-13 11:19:25 [scrapy.utils.log] INFO: Versions: lxml 4.6.3.0, libxml2 2.9.5, cssselect 1.1.0, parsel 1.6.0, w3lib 1.22.0, Twisted 21.2.0, Python 3.9.4 (tags/v3.9.4:1f2e308, Apr  6 2021, 13:40:21) [MSC v.1928 64 bit (AMD64)], pyOpenSSL 20.0.1 (OpenSSL 1.1.1k  25 Mar 2021), cryptography 3.4.7, Platform Windows-10-10.0.19041-SP0
2021-05-13 11:19:25 [scrapy.crawler] INFO: Overridden settings: {'BOT_NAME': 'WeiboSpider', 'CONCURRENT_REQUESTS': 8, 'DUPEFILTER_CLASS': 'scrapy_redis.dupefilter.RFPDupeFilter', 'LOG_FILE': 'Weibo_Spider.log', 'LOG_LEVEL': 'INFO', 'NEWSPIDER_MODULE': 'WeiboSpider.spiders', 'SCHEDULER': 'scrapy_redis.scheduler.Scheduler', 'SPIDER_MODULES': ['WeiboSpider.spiders']}
2021-05-13 11:19:25 [scrapy.extensions.telnet] INFO: Telnet Password: 69874fba93dea763
2021-05-13 11:19:25 [scrapy.middleware] INFO: Enabled extensions:
['scrapy.extensions.corestats.CoreStats',
 'scrapy.extensions.telnet.TelnetConsole',
 'scrapy.extensions.logstats.LogStats',
 'WeiboSpider.extensions.RedisSpiderSmartIdleClosedExensions']
2021-05-13 11:19:25 [KeyWordsSpider] INFO: Reading start URLs from redis key 'KeyWordsSpider:start_urlstest' (batch size: 8, encoding: utf-8
2021-05-13 11:19:26 [scrapy.middleware] INFO: Enabled downloader middlewares:
['scrapy.downloadermiddlewares.httpauth.HttpAuthMiddleware',
 'scrapy.downloadermiddlewares.downloadtimeout.DownloadTimeoutMiddleware',
 'scrapy.downloadermiddlewares.defaultheaders.DefaultHeadersMiddleware',
 'scrapy.downloadermiddlewares.useragent.UserAgentMiddleware',
 'WeiboSpider.middlewares.RetryMiddleware',
 'scrapy.downloadermiddlewares.retry.RetryMiddleware',
 'scrapy.downloadermiddlewares.redirect.MetaRefreshMiddleware',
 'scrapy.downloadermiddlewares.httpcompression.HttpCompressionMiddleware',
 'scrapy.downloadermiddlewares.redirect.RedirectMiddleware',
 'scrapy.downloadermiddlewares.cookies.CookiesMiddleware',
 'scrapy.downloadermiddlewares.httpproxy.HttpProxyMiddleware',
 'scrapy.downloadermiddlewares.stats.DownloaderStats']
2021-05-13 11:19:26 [scrapy.middleware] INFO: Enabled spider middlewares:
['scrapy.spidermiddlewares.httperror.HttpErrorMiddleware',
 'scrapy.spidermiddlewares.offsite.OffsiteMiddleware',
 'scrapy.spidermiddlewares.referer.RefererMiddleware',
 'scrapy.spidermiddlewares.urllength.UrlLengthMiddleware',
 'scrapy.spidermiddlewares.depth.DepthMiddleware']
2021-05-13 11:19:26 [scrapy.middleware] INFO: Enabled item pipelines:
['WeiboSpider.pipelines.WeibospiderPipeline']
2021-05-13 11:19:26 [scrapy.core.engine] INFO: Spider opened
2021-05-13 11:19:26 [scrapy.extensions.logstats] INFO: Crawled 0 pages (at 0 pages/min), scraped 0 items (at 0 items/min)
2021-05-13 11:19:26 [WeiboSpider.extensions] INFO: opened spider KeyWordsSpider redis spider Idle, Continuous idle limit： 20
2021-05-13 11:19:26 [scrapy.extensions.telnet] INFO: Telnet console listening on 127.0.0.1:6023
2021-05-13 11:20:26 [scrapy.extensions.logstats] INFO: Crawled 9 pages (at 9 pages/min), scraped 16 items (at 16 items/min)
2021-05-13 11:21:16 [WeiboSpider.extensions] INFO: 
 continued idle number exceed 20 Times
 meet the idle shutdown conditions, will close the reptile operation
 idle start time: 1620875979.336164,  close spider time: 1620875979.336164
2021-05-13 11:21:16 [scrapy.core.engine] INFO: Closing spider (closespider_pagecount)
2021-05-13 11:21:16 [WeiboSpider.extensions] INFO: closed spider KeyWordsSpider, idle count 21 , Continuous idle count 21
2021-05-13 11:21:16 [scrapy.statscollectors] INFO: Dumping Scrapy stats:
{'downloader/request_bytes': 5836,
 'downloader/request_count': 9,
 'downloader/request_method_count/GET': 9,
 'downloader/response_bytes': 34893,
 'downloader/response_count': 9,
 'downloader/response_status_count/200': 9,
 'elapsed_time_seconds': 110.018901,
 'finish_reason': 'closespider_pagecount',
 'finish_time': datetime.datetime(2021, 5, 13, 3, 21, 16, 506246),
 'item_scraped_count': 16,
 'log_count/INFO': 15,
 'request_depth_max': 1,
 'response_received_count': 9,
 'scheduler/dequeued/redis': 9,
 'scheduler/enqueued/redis': 9,
 'start_time': datetime.datetime(2021, 5, 13, 3, 19, 26, 487345)}
2021-05-13 11:21:16 [scrapy.core.engine] INFO: Spider closed (closespider_pagecount)
